<?xml version="1.0" encoding="UTF-8"?>
<!-- Generated by org.testng.reporters.JUnitReportReporter -->
<testsuite hostname="DESKTOP-K4C2197" failures="0" tests="1" name="demo.ATEWorkspace" time="0.037" errors="0" timestamp="2025-03-29T09:29:02 IST" skipped="0">
  <testcase classname="demo.ATEWorkspace" name="workspace" time="0.037"/>
</testsuite> <!-- demo.ATEWorkspace -->
